<html>
<head>
<title>TestNG:  Surefire test</title>
<link href="../testng.css" rel="stylesheet" type="text/css" />
<link href="../my-testng.css" rel="stylesheet" type="text/css" />

<style type="text/css">
.log { display: none;} 
.stack-trace { display: none;} 
</style>
<script type="text/javascript">
<!--
function flip(e) {
  current = e.style.display;
  if (current == 'block') {
    e.style.display = 'none';
    return 0;
  }
  else {
    e.style.display = 'block';
    return 1;
  }
}

function toggleBox(szDivId, elem, msg1, msg2)
{
  var res = -1;  if (document.getElementById) {
    res = flip(document.getElementById(szDivId));
  }
  else if (document.all) {
    // this is the way old msie versions work
    res = flip(document.all[szDivId]);
  }
  if(elem) {
    if(res == 0) elem.innerHTML = msg1; else elem.innerHTML = msg2;
  }

}

function toggleAllBoxes() {
  if (document.getElementsByTagName) {
    d = document.getElementsByTagName('div');
    for (i = 0; i < d.length; i++) {
      if (d[i].className == 'log') {
        flip(d[i]);
      }
    }
  }
}

// -->
</script>

</head>
<body>
<h2 align='center'>Surefire test</h2><table border='1' align="center">
<tr>
<td>Tests passed/Failed/Skipped:</td><td>5/2/0</td>
</tr><tr>
<td>Started on:</td><td>Sun Jun 07 21:16:07 EDT 2020</td>
</tr>
<tr><td>Total time:</td><td>2 seconds (2498 ms)</td>
</tr><tr>
<td>Included groups:</td><td></td>
</tr><tr>
<td>Excluded groups:</td><td></td>
</tr>
</table><p/>
<small><i>(Hover the method name to see the test class name)</i></small><p/>
<table width='100%' border='1' class='invocation-failed'>
<tr><td colspan='4' align='center'><b>FAILED TESTS</b></td></tr>
<tr><td><b>Test method</b></td>
<td width="30%"><b>Exception</b></td>
<td width="10%"><b>Time (seconds)</b></td>
<td><b>Instance</b></td>
</tr>
<tr>
<td title='com.automation.APITestFramework.testCase.DeleteCustomerTest.delete_customer()'><b>delete_customer</b><br>Test class: com.automation.APITestFramework.testCase.DeleteCustomerTest<br>Parameters: cus_HPc5YnI8TQBc9p</td>
<td><div><pre>java.lang.AssertionError: ID key is not present in JSON response expected [true] but found [false]
	at com.automation.APITestFramework.testCase.DeleteCustomerTest.delete_customer(DeleteCustomerTest.java:32)
	at java.base/java.util.concurrent.FutureTask.run(FutureTask.java:264)
	at java.base/java.util.concurrent.Executors$RunnableAdapter.call(Executors.java:515)
	at java.base/java.util.concurrent.FutureTask.run(FutureTask.java:264)
	at java.base/java.util.concurrent.ThreadPoolExecutor.runWorker(ThreadPoolExecutor.java:1128)
	at java.base/java.util.concurrent.ThreadPoolExecutor$Worker.run(ThreadPoolExecutor.java:628)
	at java.base/java.lang.Thread.run(Thread.java:835)
... Removed 12 stack frames</pre></div><a href='#' onClick='toggleBox("stack-trace375598286", this, "Click to show all stack frames", "Click to hide stack frames")'>Click to show all stack frames</a>
<div class='stack-trace' id='stack-trace375598286'><pre>java.lang.AssertionError: ID key is not present in JSON response expected [true] but found [false]
	at org.testng.Assert.fail(Assert.java:97)
	at org.testng.Assert.failNotEquals(Assert.java:969)
	at org.testng.Assert.assertTrue(Assert.java:43)
	at com.automation.APITestFramework.testCase.DeleteCustomerTest.delete_customer(DeleteCustomerTest.java:32)
	at java.base/jdk.internal.reflect.NativeMethodAccessorImpl.invoke0(Native Method)
	at java.base/jdk.internal.reflect.NativeMethodAccessorImpl.invoke(NativeMethodAccessorImpl.java:62)
	at java.base/jdk.internal.reflect.DelegatingMethodAccessorImpl.invoke(DelegatingMethodAccessorImpl.java:43)
	at java.base/java.lang.reflect.Method.invoke(Method.java:567)
	at org.testng.internal.MethodInvocationHelper.invokeMethod(MethodInvocationHelper.java:134)
	at org.testng.internal.TestInvoker.invokeMethod(TestInvoker.java:597)
	at org.testng.internal.TestInvoker.invokeTestMethod(TestInvoker.java:173)
	at org.testng.internal.TestMethodWithDataProviderMethodWorker.call(TestMethodWithDataProviderMethodWorker.java:77)
	at org.testng.internal.TestMethodWithDataProviderMethodWorker.call(TestMethodWithDataProviderMethodWorker.java:15)
	at java.base/java.util.concurrent.FutureTask.run(FutureTask.java:264)
	at java.base/java.util.concurrent.Executors$RunnableAdapter.call(Executors.java:515)
	at java.base/java.util.concurrent.FutureTask.run(FutureTask.java:264)
	at java.base/java.util.concurrent.ThreadPoolExecutor.runWorker(ThreadPoolExecutor.java:1128)
	at java.base/java.util.concurrent.ThreadPoolExecutor$Worker.run(ThreadPoolExecutor.java:628)
	at java.base/java.lang.Thread.run(Thread.java:835)
</pre></div></td>
<td>0</td>
<td>com.automation.APITestFramework.testCase.DeleteCustomerTest@285d851a</td></tr>
<tr>
<td title='com.automation.APITestFramework.testCase.DeleteCustomerTest.delete_customer()'><b>delete_customer</b><br>Test class: com.automation.APITestFramework.testCase.DeleteCustomerTest<br>Parameters: cus_HPc5wDC3Y298Pp</td>
<td><div><pre>java.lang.AssertionError: ID key is not present in JSON response expected [true] but found [false]
	at com.automation.APITestFramework.testCase.DeleteCustomerTest.delete_customer(DeleteCustomerTest.java:32)
	at java.base/java.util.concurrent.FutureTask.run(FutureTask.java:264)
	at java.base/java.util.concurrent.Executors$RunnableAdapter.call(Executors.java:515)
	at java.base/java.util.concurrent.FutureTask.run(FutureTask.java:264)
	at java.base/java.util.concurrent.ThreadPoolExecutor.runWorker(ThreadPoolExecutor.java:1128)
	at java.base/java.util.concurrent.ThreadPoolExecutor$Worker.run(ThreadPoolExecutor.java:628)
	at java.base/java.lang.Thread.run(Thread.java:835)
... Removed 12 stack frames</pre></div><a href='#' onClick='toggleBox("stack-trace1650585638", this, "Click to show all stack frames", "Click to hide stack frames")'>Click to show all stack frames</a>
<div class='stack-trace' id='stack-trace1650585638'><pre>java.lang.AssertionError: ID key is not present in JSON response expected [true] but found [false]
	at org.testng.Assert.fail(Assert.java:97)
	at org.testng.Assert.failNotEquals(Assert.java:969)
	at org.testng.Assert.assertTrue(Assert.java:43)
	at com.automation.APITestFramework.testCase.DeleteCustomerTest.delete_customer(DeleteCustomerTest.java:32)
	at java.base/jdk.internal.reflect.NativeMethodAccessorImpl.invoke0(Native Method)
	at java.base/jdk.internal.reflect.NativeMethodAccessorImpl.invoke(NativeMethodAccessorImpl.java:62)
	at java.base/jdk.internal.reflect.DelegatingMethodAccessorImpl.invoke(DelegatingMethodAccessorImpl.java:43)
	at java.base/java.lang.reflect.Method.invoke(Method.java:567)
	at org.testng.internal.MethodInvocationHelper.invokeMethod(MethodInvocationHelper.java:134)
	at org.testng.internal.TestInvoker.invokeMethod(TestInvoker.java:597)
	at org.testng.internal.TestInvoker.invokeTestMethod(TestInvoker.java:173)
	at org.testng.internal.TestMethodWithDataProviderMethodWorker.call(TestMethodWithDataProviderMethodWorker.java:77)
	at org.testng.internal.TestMethodWithDataProviderMethodWorker.call(TestMethodWithDataProviderMethodWorker.java:15)
	at java.base/java.util.concurrent.FutureTask.run(FutureTask.java:264)
	at java.base/java.util.concurrent.Executors$RunnableAdapter.call(Executors.java:515)
	at java.base/java.util.concurrent.FutureTask.run(FutureTask.java:264)
	at java.base/java.util.concurrent.ThreadPoolExecutor.runWorker(ThreadPoolExecutor.java:1128)
	at java.base/java.util.concurrent.ThreadPoolExecutor$Worker.run(ThreadPoolExecutor.java:628)
	at java.base/java.lang.Thread.run(Thread.java:835)
</pre></div></td>
<td>0</td>
<td>com.automation.APITestFramework.testCase.DeleteCustomerTest@285d851a</td></tr>
</table><p>
<table width='100%' border='1' class='invocation-passed'>
<tr><td colspan='4' align='center'><b>PASSED TESTS</b></td></tr>
<tr><td><b>Test method</b></td>
<td width="30%"><b>Exception</b></td>
<td width="10%"><b>Time (seconds)</b></td>
<td><b>Instance</b></td>
</tr>
<tr>
<td title='com.automation.APITestFramework.testCase.CreateCustomerTest.invalidateCreatedCustomerAPI()'><b>invalidateCreatedCustomerAPI</b><br>Test class: com.automation.APITestFramework.testCase.CreateCustomerTest<br>Parameters: Rahul Arora, java@way2automation.com, Adding the Second customer in framework</td>
<td></td>
<td>1</td>
<td>com.automation.APITestFramework.testCase.CreateCustomerTest@7859e786</td></tr>
<tr>
<td title='com.automation.APITestFramework.testCase.CreateCustomerTest.validateCreatedCustomerAPI()'><b>validateCreatedCustomerAPI</b><br>Test class: com.automation.APITestFramework.testCase.CreateCustomerTest<br>Parameters: Rahul Arora, java@gmail.com, Adding the Second customer in framework</td>
<td></td>
<td>0</td>
<td>com.automation.APITestFramework.testCase.CreateCustomerTest@7859e786</td></tr>
<tr>
<td title='com.automation.APITestFramework.testCase.CreateCustomerTest.validateCreatedCustomerAPI()'><b>validateCreatedCustomerAPI</b><br>Test class: com.automation.APITestFramework.testCase.CreateCustomerTest<br>Parameters: Andrew, andrew@gmail.com, foreign customer</td>
<td></td>
<td>0</td>
<td>com.automation.APITestFramework.testCase.CreateCustomerTest@7859e786</td></tr>
<tr>
<td title='com.automation.APITestFramework.testCase.CreateCustomerTest.validateCreatedCustomerAPI()'><b>validateCreatedCustomerAPI</b><br>Test class: com.automation.APITestFramework.testCase.CreateCustomerTest<br>Parameters: Raman Arora, corporate@way2automation.com, Adding the Third Customer in Framework</td>
<td></td>
<td>0</td>
<td>com.automation.APITestFramework.testCase.CreateCustomerTest@7859e786</td></tr>
<tr>
<td title='com.automation.APITestFramework.testCase.CreateCustomerTest.validateCreatedCustomerAPI()'><b>validateCreatedCustomerAPI</b><br>Test class: com.automation.APITestFramework.testCase.CreateCustomerTest<br>Parameters: Ishita Arora, ishita@way2automation.com, Adding the forth Customer in framework</td>
<td></td>
<td>0</td>
<td>com.automation.APITestFramework.testCase.CreateCustomerTest@7859e786</td></tr>
</table><p>
</body>
</html>